IQ-TREE multicore version 1.6.12 for Linux 64-bit built Aug 15 2019
Developed by Bui Quang Minh, Nguyen Lam Tung, Olga Chernomor,
Heiko Schmidt, Dominik Schrempf, Michael Woodhams.

Host:    fermat (AVX2, FMA3, 1009 GB RAM)
Command: ../../iqtree -s Align.aln -st AA -m TEST -bb 1000 -alrt 1000
Seed:    362326 (Using SPRNG - Scalable Parallel Random Number Generator)
Time:    Mon Dec  4 16:21:14 2023
Kernel:  AVX+FMA - 1 threads (128 CPU cores detected)

HINT: Use -nt option to specify number of threads because your CPU has 128 cores!
HINT: -nt AUTO will automatically determine the best number of threads to use.

Reading alignment file Align.aln ... Clustal format detected
Alignment most likely contains protein sequences
Alignment has 215 sequences with 1998 columns, 1832 distinct patterns
1317 parsimony-informative, 385 singleton sites, 296 constant sites
WARNING: Some sequence names are changed as follows:
Hemileia_pugnator_ORF/1-703 -> Hemileia_pugnator_ORF_1-703
YP_010798864.1/1-700 -> YP_010798864.1_1-700
YP_010798868.1/1-782 -> YP_010798868.1_1-782
YP_010798869.1/1-776 -> YP_010798869.1_1-776
YP_010798870.1/1-738 -> YP_010798870.1_1-738
YP_010798873.1/1-795 -> YP_010798873.1_1-795
YP_010798874.1/1-776 -> YP_010798874.1_1-776
YP_010798875.1/1-750 -> YP_010798875.1_1-750
YP_010798876.1/1-763 -> YP_010798876.1_1-763
YP_010798877.1/1-762 -> YP_010798877.1_1-762
YP_010798878.1/1-782 -> YP_010798878.1_1-782
YP_010798879.1/1-763 -> YP_010798879.1_1-763
YP_010798880.1/1-636 -> YP_010798880.1_1-636
YP_010799117.1/1-797 -> YP_010799117.1_1-797
YP_010799118.1/1-691 -> YP_010799118.1_1-691
YP_010799120.1/1-712 -> YP_010799120.1_1-712
YP_010799121.1/1-731 -> YP_010799121.1_1-731
YP_010799131.1/1-826 -> YP_010799131.1_1-826
YP_010799132.1/1-788 -> YP_010799132.1_1-788
YP_010799133.1/1-720 -> YP_010799133.1_1-720
YP_010799166.1/1-731 -> YP_010799166.1_1-731
YP_010799167.1/1-724 -> YP_010799167.1_1-724
YP_010799171.1/1-715 -> YP_010799171.1_1-715
YP_010799172.1/1-689 -> YP_010799172.1_1-689
YP_010799173.1/1-809 -> YP_010799173.1_1-809
YP_010799184.1/1-717 -> YP_010799184.1_1-717
YP_010799185.1/1-836 -> YP_010799185.1_1-836
YP_010799187.1/1-812 -> YP_010799187.1_1-812
YP_010799216.1/1-731 -> YP_010799216.1_1-731
YP_010799217.1/1-712 -> YP_010799217.1_1-712
YP_010799218.1/1-817 -> YP_010799218.1_1-817
YP_010799341.1/1-793 -> YP_010799341.1_1-793
YP_010799404.1/1-790 -> YP_010799404.1_1-790
YP_010799405.1/1-704 -> YP_010799405.1_1-704
YP_010799546.1/1-717 -> YP_010799546.1_1-717
YP_010799906.1/1-840 -> YP_010799906.1_1-840
YP_010799907.1/1-850 -> YP_010799907.1_1-850
YP_010799908.1/1-697 -> YP_010799908.1_1-697
YP_010799924.1/1-757 -> YP_010799924.1_1-757
YP_010799925.1/1-689 -> YP_010799925.1_1-689
YP_010799926.1/1-709 -> YP_010799926.1_1-709
YP_010799927.1/1-681 -> YP_010799927.1_1-681
YP_010799928.1/1-680 -> YP_010799928.1_1-680
YP_010799929.1/1-708 -> YP_010799929.1_1-708
YP_010799930.1/1-701 -> YP_010799930.1_1-701
YP_010799955.1/1-827 -> YP_010799955.1_1-827
YP_010799972.1/1-756 -> YP_010799972.1_1-756
YP_010799973.1/1-816 -> YP_010799973.1_1-816
YP_010799974.1/1-810 -> YP_010799974.1_1-810
YP_010800592.1/1-701 -> YP_010800592.1_1-701
YP_010800717.1/1-727 -> YP_010800717.1_1-727
YP_009551960.1/1-1010 -> YP_009551960.1_1-1010
YP_009551961.1/1-1008 -> YP_009551961.1_1-1008
YP_009551966.1/1-826 -> YP_009551966.1_1-826
YP_009552077.1/1-811 -> YP_009552077.1_1-811
YP_009553175.1/1-794 -> YP_009553175.1_1-794
YP_009553263.1/1-1134 -> YP_009553263.1_1-1134
YP_009553587.1/1-986 -> YP_009553587.1_1-986
YP_009553599.1/1-756 -> YP_009553599.1_1-756
YP_009553678.1/1-812 -> YP_009553678.1_1-812
YP_009465715.1/1-723 -> YP_009465715.1_1-723
YP_009465716.1/1-687 -> YP_009465716.1_1-687
YP_009465717.1/1-685 -> YP_009465717.1_1-685
YP_009408146.1/1-760 -> YP_009408146.1_1-760
YP_009272898.1/1-726 -> YP_009272898.1_1-726
YP_009272899.1/1-764 -> YP_009272899.1_1-764
YP_009272900.1/1-789 -> YP_009272900.1_1-789
YP_009272901.1/1-689 -> YP_009272901.1_1-689
YP_009259369.1/1-800 -> YP_009259369.1_1-800
YP_009259481.1/1-689 -> YP_009259481.1_1-689
YP_009259482.1/1-713 -> YP_009259482.1_1-713
YP_009259483.1/1-721 -> YP_009259483.1_1-721
YP_009259487.1/1-772 -> YP_009259487.1_1-772
YP_009126872.1/1-717 -> YP_009126872.1_1-717
YP_009126873.1/1-757 -> YP_009126873.1_1-757
YP_009121785.1/1-723 -> YP_009121785.1_1-723
YP_004564622.1/1-793 -> YP_004564622.1_1-793
YP_002822229.1/1-705 -> YP_002822229.1_1-705
YP_002284334.2/1-738 -> YP_002284334.2_1-738
NP_660176.1/1-718 -> NP_660176.1_1-718
WPJ73117.1/1-741 -> WPJ73117.1_1-741
WJG29391.1/1-757 -> WJG29391.1_1-757
WBU98341.1/1-802 -> WBU98341.1_1-802
WBU98342.1/1-1086 -> WBU98342.1_1-1086
WAK72375.1/1-740 -> WAK72375.1_1-740
WAK72377.1/1-742 -> WAK72377.1_1-742
WAK72378.1/1-814 -> WAK72378.1_1-814
WAK72381.1/1-811 -> WAK72381.1_1-811
WAK72382.1/1-734 -> WAK72382.1_1-734
WAK72383.1/1-780 -> WAK72383.1_1-780
WAK72385.1/1-708 -> WAK72385.1_1-708
WAK72386.1/1-787 -> WAK72386.1_1-787
WAK72390.1/1-722 -> WAK72390.1_1-722
WAK72391.1/1-795 -> WAK72391.1_1-795
WAK72392.1/1-587 -> WAK72392.1_1-587
WAK72393.1/1-740 -> WAK72393.1_1-740
WAK72395.1/1-814 -> WAK72395.1_1-814
WAK72396.1/1-814 -> WAK72396.1_1-814
WAK72397.1/1-814 -> WAK72397.1_1-814
WAK72403.1/1-790 -> WAK72403.1_1-790
WAK72404.1/1-828 -> WAK72404.1_1-828
WAK72409.1/1-715 -> WAK72409.1_1-715
WAK72412.1/1-814 -> WAK72412.1_1-814
WAK72413.1/1-814 -> WAK72413.1_1-814
WAK72414.1/1-814 -> WAK72414.1_1-814
WAK72416.1/1-709 -> WAK72416.1_1-709
WAK72417.1/1-814 -> WAK72417.1_1-814
WAK72420.1/1-814 -> WAK72420.1_1-814
WAK72422.1/1-814 -> WAK72422.1_1-814
WAK72425.1/1-694 -> WAK72425.1_1-694
WAK72426.1/1-814 -> WAK72426.1_1-814
WAK72427.1/1-713 -> WAK72427.1_1-713
UZC46343.1/1-721 -> UZC46343.1_1-721
UWK02069.1/1-725 -> UWK02069.1_1-725
UWK02070.1/1-790 -> UWK02070.1_1-790
UWK02073.1/1-693 -> UWK02073.1_1-693
UWK02074.1/1-764 -> UWK02074.1_1-764
UWK02079.1/1-747 -> UWK02079.1_1-747
UWK02080.1/1-727 -> UWK02080.1_1-727
UWK02081.1/1-705 -> UWK02081.1_1-705
UVU18277.1/1-748 -> UVU18277.1_1-748
UTS95837.1/1-714 -> UTS95837.1_1-714
UTN00739.1/1-742 -> UTN00739.1_1-742
BDC79612.1/1-694 -> BDC79612.1_1-694
BDC79614.1/1-694 -> BDC79614.1_1-694
BDC79617.1/1-694 -> BDC79617.1_1-694
UNI72656.1/1-809 -> UNI72656.1_1-809
BDF97663.1/1-673 -> BDF97663.1_1-673
UHK03006.1/1-648 -> UHK03006.1_1-648
UHK03009.1/1-659 -> UHK03009.1_1-659
UHK03086.1/1-659 -> UHK03086.1_1-659
UHK03164.1/1-650 -> UHK03164.1_1-650
UHK03173.1/1-652 -> UHK03173.1_1-652
UHK03174.1/1-711 -> UHK03174.1_1-711
UHK03232.1/1-867 -> UHK03232.1_1-867
UFJ44694.1/1-723 -> UFJ44694.1_1-723
UBZ25880.1/1-735 -> UBZ25880.1_1-735
UBZ25881.1/1-723 -> UBZ25881.1_1-723
UBZ25882.1/1-784 -> UBZ25882.1_1-784
UBZ25883.1/1-718 -> UBZ25883.1_1-718
UBZ25884.1/1-713 -> UBZ25884.1_1-713
UBZ25885.1/1-727 -> UBZ25885.1_1-727
QKI79961.1/1-709 -> QKI79961.1_1-709
QKI79962.1/1-688 -> QKI79962.1_1-688
QKI79963.1/1-650 -> QKI79963.1_1-650
QKI79964.1/1-914 -> QKI79964.1_1-914
QKI79965.1/1-587 -> QKI79965.1_1-587
QKI79966.1/1-588 -> QKI79966.1_1-588
QKI79967.1/1-669 -> QKI79967.1_1-669
QKI79968.1/1-661 -> QKI79968.1_1-661
QKI79969.1/1-792 -> QKI79969.1_1-792
QKI79970.1/1-681 -> QKI79970.1_1-681
QKI79971.1/1-689 -> QKI79971.1_1-689
QKI79972.1/1-871 -> QKI79972.1_1-871
QKI79973.1/1-698 -> QKI79973.1_1-698
QKI79974.1/1-795 -> QKI79974.1_1-795
QKI79975.1/1-747 -> QKI79975.1_1-747
QKI79976.1/1-706 -> QKI79976.1_1-706
QKI79977.1/1-686 -> QKI79977.1_1-686
QKI79978.1/1-737 -> QKI79978.1_1-737
QKI79979.1/1-719 -> QKI79979.1_1-719
QKI79980.1/1-733 -> QKI79980.1_1-733
QKI79981.1/1-747 -> QKI79981.1_1-747
QKI79982.1/1-694 -> QKI79982.1_1-694
QJT93892.1/1-723 -> QJT93892.1_1-723
QJT93893.1/1-687 -> QJT93893.1_1-687
QJT93894.1/1-717 -> QJT93894.1_1-717
QUP79244.1/1-717 -> QUP79244.1_1-717
QUP79368.1/1-859 -> QUP79368.1_1-859
QTY21822.1/1-689 -> QTY21822.1_1-689
QTV99352.1/1-723 -> QTV99352.1_1-723
QJQ28893.1/1-731 -> QJQ28893.1_1-731
QJQ28894.1/1-607 -> QJQ28894.1_1-607
QJQ28895.1/1-731 -> QJQ28895.1_1-731
QJT73702.1/1-710 -> QJT73702.1_1-710
QJT73703.1/1-786 -> QJT73703.1_1-786
QJT73704.1/1-731 -> QJT73704.1_1-731
QJT73705.1/1-731 -> QJT73705.1_1-731
BCH36632.1/1-587 -> BCH36632.1_1-587
QNS28825.1/1-701 -> QNS28825.1_1-701
QMU24933.1/1-727 -> QMU24933.1_1-727
BBN51032.1/1-709 -> BBN51032.1_1-709
QDM55307.1/1-827 -> QDM55307.1_1-827
QDB74989.1/1-840 -> QDB74989.1_1-840
QDB74990.1/1-850 -> QDB74990.1_1-850
QDB74992.1/1-697 -> QDB74992.1_1-697
DAC76744.1/1-793 -> DAC76744.1_1-793
DAC76745.1/1-793 -> DAC76745.1_1-793
DAC76746.1/1-793 -> DAC76746.1_1-793
DAC76747.1/1-793 -> DAC76747.1_1-793
DAC76748.1/1-793 -> DAC76748.1_1-793
DAC76749.1/1-793 -> DAC76749.1_1-793
DAC76750.1/1-793 -> DAC76750.1_1-793
DAC76752.1/1-793 -> DAC76752.1_1-793
DAC76753.1/1-793 -> DAC76753.1_1-793
AZT88621.1/1-703 -> AZT88621.1_1-703
AZT88622.1/1-688 -> AZT88622.1_1-688
AZT88623.1/1-698 -> AZT88623.1_1-698
AZT88624.1/1-716 -> AZT88624.1_1-716
AZT88625.1/1-652 -> AZT88625.1_1-652
AZP53928.1/1-790 -> AZP53928.1_1-790
AZP53929.1/1-704 -> AZP53929.1_1-704
AVZ65960.1/1-756 -> AVZ65960.1_1-756
AVA17449.1/1-794 -> AVA17449.1_1-794
AVA17450.1/1-986 -> AVA17450.1_1-986
AVA17451.1/1-1010 -> AVA17451.1_1-1010
AVA17452.1/1-1008 -> AVA17452.1_1-1008
BAV56289.1/1-726 -> BAV56289.1_1-726
BAV56290.1/1-764 -> BAV56290.1_1-764
BAV56291.1/1-789 -> BAV56291.1_1-789
BAV56292.1/1-689 -> BAV56292.1_1-689
ANJ77669.1/1-731 -> ANJ77669.1_1-731
ANJ77670.1/1-712 -> ANJ77670.1_1-712
AHX72146.1/1-723 -> AHX72146.1_1-723
AEG79311.1/1-793 -> AEG79311.1_1-793

                             Gap/Ambiguity  Composition  p-value
   1  Hemileia_pugnator_ORF_1-703   64.81%    failed      0.00%
   2  YP_010798864.1_1-700          64.96%    failed      1.17%
   3  YP_010798868.1_1-782          60.91%    passed     45.40%
   4  YP_010798869.1_1-776          61.16%    passed      6.07%
   5  YP_010798870.1_1-738          63.06%    passed     28.82%
   6  YP_010798873.1_1-795          60.21%    failed      0.36%
   7  YP_010798874.1_1-776          61.16%    passed     55.96%
   8  YP_010798875.1_1-750          62.46%    passed      9.57%
   9  YP_010798876.1_1-763          61.81%    passed     18.15%
  10  YP_010798877.1_1-762          61.86%    failed      0.43%
  11  YP_010798878.1_1-782          60.86%    failed      0.30%
  12  YP_010798879.1_1-763          61.81%    passed      7.80%
  13  YP_010798880.1_1-636          68.17%    passed     83.37%
  14  YP_010799117.1_1-797          60.11%    passed      7.55%
  15  YP_010799118.1_1-691          65.42%    failed      0.01%
  16  YP_010799120.1_1-712          64.36%    passed     75.80%
  17  YP_010799121.1_1-731          63.41%    failed      0.02%
  18  YP_010799131.1_1-826          58.66%    failed      0.00%
  19  YP_010799132.1_1-788          60.56%    failed      0.09%
  20  YP_010799133.1_1-720          63.96%    failed      0.00%
  21  YP_010799166.1_1-731          63.41%    failed      0.58%
  22  YP_010799167.1_1-724          63.76%    failed      0.00%
  23  YP_010799171.1_1-715          64.21%    failed      0.02%
  24  YP_010799172.1_1-689          65.52%    passed     13.81%
  25  YP_010799173.1_1-809          59.51%    passed      9.98%
  26  YP_010799184.1_1-717          64.11%    passed     28.58%
  27  YP_010799185.1_1-836          58.16%    passed      5.18%
  28  YP_010799187.1_1-812          59.36%    passed      7.66%
  29  YP_010799216.1_1-731          63.41%    failed      0.98%
  30  YP_010799217.1_1-712          64.36%    passed     48.41%
  31  YP_010799218.1_1-817          59.11%    failed      0.19%
  32  YP_010799341.1_1-793          60.31%    passed      7.40%
  33  YP_010799404.1_1-790          60.46%    failed      2.42%
  34  YP_010799405.1_1-704          64.76%    failed      0.10%
  35  YP_010799546.1_1-717          64.11%    passed     30.51%
  36  YP_010799906.1_1-840          57.96%    passed     16.22%
  37  YP_010799907.1_1-850          57.46%    failed      0.04%
  38  YP_010799908.1_1-697          65.12%    failed      1.10%
  39  YP_010799924.1_1-757          62.11%    passed     96.42%
  40  YP_010799925.1_1-689          65.52%    passed     84.63%
  41  YP_010799926.1_1-709          64.51%    passed     90.17%
  42  YP_010799927.1_1-681          65.92%    passed     76.74%
  43  YP_010799928.1_1-680          65.97%    passed     40.42%
  44  YP_010799929.1_1-708          64.56%    passed      8.26%
  45  YP_010799930.1_1-701          64.91%    passed     39.00%
  46  YP_010799955.1_1-827          58.61%    failed      3.98%
  47  YP_010799972.1_1-756          62.16%    passed     82.10%
  48  YP_010799973.1_1-816          59.16%    failed      0.16%
  49  YP_010799974.1_1-810          59.46%    failed      0.40%
  50  YP_010800592.1_1-701          64.91%    failed      0.00%
  51  YP_010800717.1_1-727          63.61%    passed     52.56%
  52  YP_009551960.1_1-1010         49.45%    failed      0.00%
  53  YP_009551961.1_1-1008         49.55%    passed     50.41%
  54  YP_009551966.1_1-826          58.66%    failed      0.00%
  55  YP_009552077.1_1-811          59.41%    failed      0.00%
  56  YP_009553175.1_1-794          60.26%    failed      0.00%
  57  YP_009553263.1_1-1134         43.24%    failed      0.66%
  58  YP_009553587.1_1-986          50.65%    failed      3.97%
  59  YP_009553599.1_1-756          62.16%    failed      0.00%
  60  YP_009553678.1_1-812          59.36%    failed      0.00%
  61  YP_009465715.1_1-723          63.81%    passed     69.90%
  62  YP_009465716.1_1-687          65.62%    passed     52.86%
  63  YP_009465717.1_1-685          65.72%    passed     84.71%
  64  YP_009408146.1_1-760          61.96%    failed      0.00%
  65  YP_009272898.1_1-726          63.66%    failed      0.00%
  66  YP_009272899.1_1-764          61.76%    passed     41.67%
  67  YP_009272900.1_1-789          60.51%    passed     76.94%
  68  YP_009272901.1_1-689          65.52%    passed     50.59%
  69  YP_009259369.1_1-800          59.96%    passed     18.32%
  70  YP_009259481.1_1-689          65.52%    passed     23.32%
  71  YP_009259482.1_1-713          64.31%    failed      0.00%
  72  YP_009259483.1_1-721          63.91%    failed      4.20%
  73  YP_009259487.1_1-772          61.36%    passed     15.79%
  74  YP_009126872.1_1-717          64.11%    passed     10.02%
  75  YP_009126873.1_1-757          62.11%    failed      0.03%
  76  YP_009121785.1_1-723          63.81%    passed      6.55%
  77  YP_004564622.1_1-793          60.31%    passed     41.86%
  78  YP_002822229.1_1-705          64.71%    passed      8.96%
  79  YP_002284334.2_1-738          63.06%    passed     32.61%
  80  NP_660176.1_1-718             64.06%    passed     22.85%
  81  WPJ73117.1_1-741              62.91%    passed     26.60%
  82  WJG29391.1_1-757              62.11%    failed      3.83%
  83  WBU98341.1_1-802              59.86%    failed      0.07%
  84  WBU98342.1_1-1086             45.65%    failed      0.01%
  85  WAK72375.1_1-740              62.96%    failed      0.00%
  86  WAK72377.1_1-742              62.86%    failed      0.00%
  87  WAK72378.1_1-814              59.26%    failed      0.00%
  88  WAK72381.1_1-811              59.41%    failed      0.11%
  89  WAK72382.1_1-734              63.26%    failed      0.00%
  90  WAK72383.1_1-780              60.96%    failed      0.00%
  91  WAK72385.1_1-708              64.56%    failed      0.02%
  92  WAK72386.1_1-787              60.61%    failed      0.99%
  93  WAK72390.1_1-722              63.86%    failed      0.04%
  94  WAK72391.1_1-795              60.21%    failed      0.12%
  95  WAK72392.1_1-587              70.62%    failed      0.02%
  96  WAK72393.1_1-740              62.96%    failed      0.00%
  97  WAK72395.1_1-814              59.26%    failed      0.00%
  98  WAK72396.1_1-814              59.26%    failed      0.00%
  99  WAK72397.1_1-814              59.26%    failed      0.00%
 100  WAK72403.1_1-790              60.46%    failed      4.91%
 101  WAK72404.1_1-828              58.56%    failed      0.12%
 102  WAK72409.1_1-715              64.21%    passed     57.98%
 103  WAK72412.1_1-814              59.26%    failed      0.00%
 104  WAK72413.1_1-814              59.26%    failed      0.00%
 105  WAK72414.1_1-814              59.26%    failed      0.01%
 106  WAK72416.1_1-709              64.51%    passed     14.83%
 107  WAK72417.1_1-814              59.26%    failed      0.00%
 108  WAK72420.1_1-814              59.26%    failed      0.00%
 109  WAK72422.1_1-814              59.26%    failed      0.00%
 110  WAK72425.1_1-694              65.27%    failed      0.07%
 111  WAK72426.1_1-814              59.26%    failed      0.00%
 112  WAK72427.1_1-713              64.31%    failed      0.00%
 113  UZC46343.1_1-721              63.91%    failed      0.56%
 114  UWK02069.1_1-725              63.71%    failed      0.00%
 115  UWK02070.1_1-790              60.46%    passed     61.44%
 116  UWK02073.1_1-693              65.32%    passed     47.34%
 117  UWK02074.1_1-764              61.76%    passed     44.34%
 118  UWK02079.1_1-747              62.61%    passed     58.24%
 119  UWK02080.1_1-727              63.61%    failed      0.04%
 120  UWK02081.1_1-705              64.71%    failed      0.00%
 121  UVU18277.1_1-748              62.56%    passed     23.56%
 122  UTS95837.1_1-714              64.26%    failed      0.00%
 123  UTN00739.1_1-742              62.86%    failed      0.00%
 124  BDC79612.1_1-694              65.27%    passed     81.79%
 125  BDC79614.1_1-694              65.27%    passed     84.77%
 126  BDC79617.1_1-694              65.27%    passed     84.77%
 127  UNI72656.1_1-809              59.51%    passed     29.83%
 128  BDF97663.1_1-673              66.32%    passed     52.10%
 129  UHK03006.1_1-648              67.57%    passed     52.59%
 130  UHK03009.1_1-659              67.02%    passed     54.40%
 131  UHK03086.1_1-659              67.02%    passed     31.16%
 132  UHK03164.1_1-650              67.47%    passed      9.85%
 133  UHK03173.1_1-652              67.37%    passed     94.83%
 134  UHK03174.1_1-711              64.41%    passed     20.17%
 135  UHK03232.1_1-867              56.61%    failed      0.00%
 136  UFJ44694.1_1-723              63.81%    failed      2.08%
 137  UBZ25880.1_1-735              63.21%    failed      2.15%
 138  UBZ25881.1_1-723              63.81%    failed      0.00%
 139  UBZ25882.1_1-784              60.76%    passed     26.88%
 140  UBZ25883.1_1-718              64.06%    failed      1.82%
 141  UBZ25884.1_1-713              64.31%    failed      0.23%
 142  UBZ25885.1_1-727              63.61%    failed      0.28%
 143  QKI79961.1_1-709              64.51%    passed      8.35%
 144  QKI79962.1_1-688              65.57%    passed     29.93%
 145  QKI79963.1_1-650              67.47%    passed     78.10%
 146  QKI79964.1_1-914              54.25%    failed      0.36%
 147  QKI79965.1_1-587              70.62%    passed     79.11%
 148  QKI79966.1_1-588              70.57%    passed     20.87%
 149  QKI79967.1_1-669              66.52%    passed     81.80%
 150  QKI79968.1_1-661              66.92%    passed     39.32%
 151  QKI79969.1_1-792              60.36%    failed      0.11%
 152  QKI79970.1_1-681              65.92%    passed     50.08%
 153  QKI79971.1_1-689              65.52%    passed     95.12%
 154  QKI79972.1_1-871              56.41%    failed      0.00%
 155  QKI79973.1_1-698              65.07%    passed     53.78%
 156  QKI79974.1_1-795              60.21%    failed      3.34%
 157  QKI79975.1_1-747              62.61%    passed     53.58%
 158  QKI79976.1_1-706              64.66%    passed     61.22%
 159  QKI79977.1_1-686              65.67%    passed     71.36%
 160  QKI79978.1_1-737              63.11%    passed     40.33%
 161  QKI79979.1_1-719              64.01%    passed     14.55%
 162  QKI79980.1_1-733              63.31%    passed     17.95%
 163  QKI79981.1_1-747              62.61%    passed     77.49%
 164  QKI79982.1_1-694              65.27%    passed     17.13%
 165  QJT93892.1_1-723              63.81%    passed     69.90%
 166  QJT93893.1_1-687              65.62%    passed     52.59%
 167  QJT93894.1_1-717              64.11%    failed      0.00%
 168  QUP79244.1_1-717              64.11%    failed      0.02%
 169  QUP79368.1_1-859              57.01%    passed      7.94%
 170  QTY21822.1_1-689              65.52%    passed     10.01%
 171  QTV99352.1_1-723              63.81%    failed      0.00%
 172  QJQ28893.1_1-731              63.41%    failed      0.36%
 173  QJQ28894.1_1-607              69.62%    passed     79.44%
 174  QJQ28895.1_1-731              63.41%    failed      0.01%
 175  QJT73702.1_1-710              64.46%    failed      0.01%
 176  QJT73703.1_1-786              60.66%    failed      0.01%
 177  QJT73704.1_1-731              63.41%    failed      0.05%
 178  QJT73705.1_1-731              63.41%    failed      0.18%
 179  BCH36632.1_1-587              70.62%    failed      0.00%
 180  QNS28825.1_1-701              64.91%    failed      0.00%
 181  QMU24933.1_1-727              63.61%    passed     52.56%
 182  BBN51032.1_1-709              64.51%    failed      3.87%
 183  QDM55307.1_1-827              58.61%    failed      3.98%
 184  QDB74989.1_1-840              57.96%    passed     16.22%
 185  QDB74990.1_1-850              57.46%    failed      0.04%
 186  QDB74992.1_1-697              65.12%    failed      1.10%
 187  DAC76744.1_1-793              60.31%    failed      0.44%
 188  DAC76745.1_1-793              60.41%    passed      5.36%
 189  DAC76746.1_1-793              60.31%    failed      0.65%
 190  DAC76747.1_1-793              60.46%    passed      6.79%
 191  DAC76748.1_1-793              60.31%    passed      7.40%
 192  DAC76749.1_1-793              60.31%    passed      8.24%
 193  DAC76750.1_1-793              60.31%    passed      7.40%
 194  DAC76752.1_1-793              60.31%    failed      2.26%
 195  DAC76753.1_1-793              60.31%    failed      1.44%
 196  AZT88621.1_1-703              64.81%    failed      0.00%
 197  AZT88622.1_1-688              65.57%    passed     29.75%
 198  AZT88623.1_1-698              65.07%    passed     13.36%
 199  AZT88624.1_1-716              64.16%    passed     44.00%
 200  AZT88625.1_1-652              67.37%    passed     43.22%
 201  AZP53928.1_1-790              60.46%    failed      2.42%
 202  AZP53929.1_1-704              64.76%    failed      0.10%
 203  AVZ65960.1_1-756              62.16%    failed      0.00%
 204  AVA17449.1_1-794              60.26%    failed      0.00%
 205  AVA17450.1_1-986              50.65%    failed      3.97%
 206  AVA17451.1_1-1010             49.45%    failed      0.00%
 207  AVA17452.1_1-1008             49.55%    passed     50.41%
 208  BAV56289.1_1-726              63.66%    failed      0.00%
 209  BAV56290.1_1-764              61.76%    passed     41.67%
 210  BAV56291.1_1-789              60.51%    passed     76.94%
 211  BAV56292.1_1-689              65.52%    passed     50.59%
 212  ANJ77669.1_1-731              63.41%    failed      0.98%
 213  ANJ77670.1_1-712              64.36%    passed     48.41%
 214  AHX72146.1_1-723              63.81%    passed      6.55%
 215  AEG79311.1_1-793              60.31%    passed     41.86%
WARNING: 209 sequences contain more than 50% gaps/ambiguity
****  TOTAL                         62.29%  110 sequences failed composition chi2 test (p-value<5%; df=19)
NOTE: DAC76750.1_1-793 is identical to DAC76748.1_1-793 but kept for subsequent analysis


Create initial parsimony tree by phylogenetic likelihood library (PLL)... 0.298 seconds
NOTE: ModelFinder requires 253 MB RAM!
ModelFinder will test 168 protein models (sample size: 1998) ...
 No. Model         -LnL         df  AIC          AICc         BIC
  1  Dayhoff       279747.280   427 560348.561   560581.371   562739.719
  2  Dayhoff+I     279217.364   428 559290.727   559524.777   561687.485
  3  Dayhoff+G4    267204.011   428 535264.023   535498.072   537660.781
  4  Dayhoff+I+G4  267130.491   429 535118.981   535354.275   537521.339
  5  Dayhoff+F     276109.309   446 553110.619   553367.694   555608.175
  6  Dayhoff+F+I   275576.200   447 552046.399   552304.794   554549.555
  7  Dayhoff+F+G4  263753.194   447 528400.389   528658.784   530903.545
  8  Dayhoff+F+I+G4 263679.450   448 528254.899   528514.618   530763.655
  9  mtMAM         298661.121   427 598176.241   598409.051   600567.399
 10  mtMAM+I       298193.753   428 597243.507   597477.556   599640.265
 11  mtMAM+G4      279813.780   428 560483.560   560717.609   562880.318
 12  mtMAM+I+G4    279799.979   429 560457.957   560693.251   562860.315
 13  mtMAM+F       287616.743   446 576125.486   576382.561   578623.042
 14  mtMAM+F+I     287166.552   447 575227.105   575485.500   577730.261
 15  mtMAM+F+G4    270622.634   447 542139.268   542397.663   544642.425
 16  mtMAM+F+I+G4  270598.523   448 542093.046   542352.765   544601.802
 17  JTT           277349.351   427 555552.703   555785.513   557943.861
 18  JTT+I         276811.662   428 554479.323   554713.373   556876.081
 19  JTT+G4        264977.391   428 530810.782   531044.831   533207.540
 20  JTT+I+G4      264912.641   429 530683.283   530918.576   533085.641
 21  JTT+F         275566.523   446 552025.046   552282.121   554522.602
 22  JTT+F+I       275059.403   447 551012.806   551271.201   553515.962
 23  JTT+F+G4      263243.157   447 527380.314   527638.708   529883.470
 24  JTT+F+I+G4    263184.782   448 527265.564   527525.282   529774.320
 25  WAG           274206.209   427 549266.418   549499.228   551657.576
 26  WAG+I         273699.073   428 548254.145   548488.195   550650.903
 27  WAG+G4        263358.489   428 527572.977   527807.027   529969.735
 28  WAG+I+G4      263284.038   429 527426.076   527661.369   529828.434
 29  WAG+F         272602.259   446 546096.518   546353.594   548594.075
 30  WAG+F+I       272110.948   447 545115.896   545374.291   547619.052
 31  WAG+F+G4      261506.607   447 523907.215   524165.610   526410.371
 32  WAG+F+I+G4    261435.612   448 523767.224   524026.943   526275.980
 33  cpREV         275310.006   427 551474.013   551706.823   553865.171
 34  cpREV+I       274687.885   428 550231.770   550465.819   552628.528
 35  cpREV+G4      264287.982   428 529431.965   529666.014   531828.723
 36  cpREV+I+G4    264187.669   429 529233.338   529468.631   531635.696
 37  cpREV+F       274142.638   446 549177.277   549434.352   551674.833
 38  cpREV+F+I     273549.798   447 547993.596   548251.991   550496.752
 39  cpREV+F+G4    262841.771   447 526577.541   526835.936   529080.698
 40  cpREV+F+I+G4  262744.003   448 526384.007   526643.725   528892.763
 41  mtREV         289066.652   427 578987.304   579220.114   581378.462
 42  mtREV+I       288600.450   428 578056.901   578290.951   580453.659
 43  mtREV+G4      274584.761   428 550025.522   550259.572   552422.280
 44  mtREV+I+G4    274549.905   429 549957.810   550193.103   552360.168
 45  mtREV+F       279206.507   446 559305.014   559562.090   561802.571
 46  mtREV+F+I     278726.953   447 558347.906   558606.301   560851.062
 47  mtREV+F+G4    265616.338   447 532126.676   532385.071   534629.832
 48  mtREV+F+I+G4  265562.868   448 532021.736   532281.454   534530.492
 49  rtREV         277418.071   427 555690.143   555922.953   558081.301
 50  rtREV+I       276967.293   428 554790.586   555024.635   557187.344
 51  rtREV+G4      264953.555   428 530763.110   530997.160   533159.868
 52  rtREV+I+G4    264904.308   429 530666.615   530901.908   533068.973
 53  rtREV+F       274913.552   446 550719.103   550976.179   553216.659
 54  rtREV+F+I     274461.490   447 549816.980   550075.375   552320.137
 55  rtREV+F+G4    262064.744   447 525023.487   525281.882   527526.643
 56  rtREV+F+I+G4  262013.438   448 524922.876   525182.595   527431.632
 57  mtART         293501.149   427 587856.297   588089.107   590247.455
 58  mtART+I       292968.822   428 586793.643   587027.693   589190.401
 59  mtART+G4      276765.530   428 554387.060   554621.110   556783.818
 60  mtART+I+G4    276732.703   429 554323.406   554558.700   556725.764
 61  mtART+F       283953.771   446 568799.542   569056.617   571297.098
 62  mtART+F+I     283427.889   447 567749.779   568008.174   570252.935
 63  mtART+F+G4    267687.959   447 536269.918   536528.313   538773.074
 64  mtART+F+I+G4  267648.239   448 536192.479   536452.197   538701.235
 65  mtZOA         288673.531   427 578201.062   578433.872   580592.220
 66  mtZOA+I       288144.794   428 577145.588   577379.638   579542.346
 67  mtZOA+G4      272475.375   428 545806.751   546040.800   548203.509
 68  mtZOA+I+G4    272436.210   429 545730.419   545965.713   548132.777
 69  mtZOA+F       281241.511   446 563375.023   563632.098   565872.579
 70  mtZOA+F+I     280690.375   447 562274.750   562533.145   564777.906
 71  mtZOA+F+G4    265652.324   447 532198.647   532457.042   534701.803
 72  mtZOA+F+I+G4  265603.259   448 532102.517   532362.236   534611.273
 73  VT            272373.793   427 545601.587   545834.397   547992.745
 74  VT+I          271871.671   428 544599.343   544833.392   546996.101
 75  VT+G4         261883.660   428 524623.321   524857.370   527020.079
 76  VT+I+G4       261814.716   429 524487.432   524722.726   526889.790
 77  VT+F          271221.722   446 543335.445   543592.520   545833.001
 78  VT+F+I        270745.874   447 542385.749   542644.143   544888.905
 79  VT+F+G4       260756.274   447 522406.548   522664.943   524909.705
 80  VT+F+I+G4     260692.886   448 522281.772   522541.491   524790.528
 81  LG            276920.051   427 554694.103   554926.913   557085.261
 82  LG+I          276401.829   428 553659.658   553893.708   556056.416
 83  LG+G4         263658.708   428 528173.416   528407.466   530570.174
 84  LG+I+G4       263599.805   429 528057.611   528292.904   530459.969
 85  LG+F          275699.671   446 552291.342   552548.418   554788.899
 86  LG+F+I        275214.557   447 551323.114   551581.509   553826.270
 87  LG+F+G4       262388.112   447 525670.224   525928.619   528173.381
 88  LG+F+I+G4     262333.707   448 525563.414   525823.133   528072.170
 89  DCMut         279684.934   427 560223.869   560456.679   562615.027
 90  DCMut+I       279155.614   428 559167.227   559401.277   561563.985
 91  DCMut+G4      267172.388   428 535200.776   535434.825   537597.534
 92  DCMut+I+G4    267098.790   429 535055.581   535290.874   537457.939
 93  DCMut+F       276055.183   446 553002.366   553259.441   555499.922
 94  DCMut+F+I     275522.726   447 551939.452   552197.847   554442.608
 95  DCMut+F+G4    263726.825   447 528347.651   528606.045   530850.807
 96  DCMut+F+I+G4  263653.093   448 528202.186   528461.905   530710.942
 97  PMB           271466.190   427 543786.380   544019.190   546177.538
 98  PMB+I         271002.698   428 542861.397   543095.447   545258.155
 99  PMB+G4        261899.435   428 524654.870   524888.920   527051.629
100  PMB+I+G4      261829.535   429 524517.070   524752.363   526919.427
101  PMB+F         270642.894   446 542177.788   542434.863   544675.344
102  PMB+F+I       270181.130   447 541256.259   541514.654   543759.416
103  PMB+F+G4      260721.021   447 522336.042   522594.437   524839.198
104  PMB+F+I+G4    260652.232   448 522200.464   522460.182   524709.220
105  HIVb          282645.150   427 566144.300   566377.111   568535.459
106  HIVb+I        281930.589   428 564717.178   564951.227   567113.936
107  HIVb+G4       269445.086   428 539746.172   539980.222   542142.930
108  HIVb+I+G4     269332.590   429 539523.181   539758.474   541925.539
109  HIVb+F        281178.202   446 563248.403   563505.479   565745.960
110  HIVb+F+I      280549.740   447 561993.480   562251.875   564496.636
111  HIVb+F+G4     267278.939   447 535451.878   535710.273   537955.035
112  HIVb+F+I+G4   267194.098   448 535284.196   535543.914   537792.952
113  HIVw          291627.975   427 584109.949   584342.759   586501.107
114  HIVw+I        290780.663   428 582417.326   582651.376   584814.084
115  HIVw+G4       277231.367   428 555318.735   555552.785   557715.493
116  HIVw+I+G4     277100.855   429 555059.711   555295.004   557462.069
117  HIVw+F        285633.029   446 572158.059   572415.134   574655.615
118  HIVw+F+I      284901.939   447 570697.877   570956.272   573201.033
119  HIVw+F+G4     271578.687   447 544051.374   544309.769   546554.530
120  HIVw+F+I+G4   271475.358   448 543846.715   544106.434   546355.471
121  JTTDCMut      277330.841   427 555515.683   555748.493   557906.841
122  JTTDCMut+I    276800.133   428 554456.267   554690.316   556853.025
123  JTTDCMut+G4   265003.290   428 530862.579   531096.629   533259.337
124  JTTDCMut+I+G4 264938.631   429 530735.262   530970.555   533137.619
125  JTTDCMut+F    275543.375   446 551978.750   552235.826   554476.307
126  JTTDCMut+F+I  275041.575   447 550977.149   551235.544   553480.306
127  JTTDCMut+F+G4 263236.036   447 527366.073   527624.468   529869.229
128  JTTDCMut+F+I+G4 263177.851   448 527251.702   527511.420   529760.458
129  FLU           281554.192   427 563962.384   564195.194   566353.542
130  FLU+I         280828.213   428 562512.425   562746.475   564909.183
131  FLU+G4        267743.907   428 536343.814   536577.863   538740.572
132  FLU+I+G4      267643.803   429 536145.605   536380.899   538547.963
133  FLU+F         280034.269   446 560960.538   561217.614   563458.095
134  FLU+F+I       279398.875   447 559691.750   559950.145   562194.906
135  FLU+F+G4      266382.746   447 533659.493   533917.888   536162.649
136  FLU+F+I+G4    266298.777   448 533493.554   533753.273   536002.310
137  Blosum62      272181.622   427 545217.243   545450.054   547608.401
138  Blosum62+I    271717.006   428 544290.012   544524.061   546686.770
139  Blosum62+G4   262200.999   428 525257.999   525492.048   527654.757
140  Blosum62+I+G4 262131.062   429 525120.124   525355.418   527522.482
141  Blosum62+F    271113.889   446 543119.778   543376.854   545617.335
142  Blosum62+F+I  270644.524   447 542183.048   542441.443   544686.204
143  Blosum62+F+G4 260874.119   447 522642.239   522900.634   525145.395
144  Blosum62+F+I+G4 260803.928   448 522503.856   522763.575   525012.612
145  mtMet         289619.716   427 580093.432   580326.242   582484.590
146  mtMet+I       289103.552   428 579063.104   579297.153   581459.862
147  mtMet+G4      273224.976   428 547305.951   547540.001   549702.709
148  mtMet+I+G4    273189.367   429 547236.734   547472.028   549639.092
149  mtMet+F       279962.644   446 560817.288   561074.364   563314.844
150  mtMet+F+I     279448.583   447 559791.165   560049.560   562294.322
151  mtMet+F+G4    265436.917   447 531767.834   532026.229   534270.990
152  mtMet+F+I+G4  265382.532   448 531661.063   531920.782   534169.820
153  mtVer         294956.671   427 590767.341   591000.152   593158.499
154  mtVer+I       294426.061   428 589708.121   589942.171   592104.880
155  mtVer+G4      277522.993   428 555901.987   556136.036   558298.745
156  mtVer+I+G4    277488.151   429 555834.302   556069.596   558236.660
157  mtVer+F       284307.990   446 569507.980   569765.055   572005.536
158  mtVer+F+I     283771.940   447 568437.880   568696.275   570941.036
159  mtVer+F+G4    268557.036   447 538008.071   538266.466   540511.227
160  mtVer+F+I+G4  268497.115   448 537890.230   538149.949   540398.986
161  mtInv         289021.736   427 578897.472   579130.282   581288.630
162  mtInv+I       288507.966   428 577871.932   578105.982   580268.691
163  mtInv+G4      273653.801   428 548163.602   548397.651   550560.360
164  mtInv+I+G4    273608.536   429 548075.072   548310.366   550477.430
165  mtInv+F       277471.043   446 555834.086   556091.162   558331.642
166  mtInv+F+I     276951.077   447 554796.154   555054.549   557299.311
167  mtInv+F+G4    263862.201   447 528618.401   528876.796   531121.558
168  mtInv+F+I+G4  263800.126   448 528496.251   528755.970   531005.007
Akaike Information Criterion:           PMB+F+I+G4
Corrected Akaike Information Criterion: PMB+F+I+G4
Bayesian Information Criterion:         PMB+F+I+G4
Best-fit model: PMB+F+I+G4 chosen according to BIC

All model information printed to Align.aln.model.gz
CPU time for ModelFinder: 1361.520 seconds (0h:22m:41s)
Wall-clock time for ModelFinder: 1369.538 seconds (0h:22m:49s)
Generating 1000 samples for ultrafast bootstrap (seed: 362326)...

NOTE: 253 MB RAM (0 GB) is required!
Estimate model parameters (epsilon = 0.100)
Thoroughly optimizing +I+G parameters from 10 start values...
Init pinv, alpha: 0.000, 1.000 / Estimate: 0.003, 1.255 / LogL: -260652.231
Init pinv, alpha: 0.016, 1.000 / Estimate: 0.003, 1.255 / LogL: -260652.232
Init pinv, alpha: 0.033, 1.000 / Estimate: 0.003, 1.255 / LogL: -260652.232
Init pinv, alpha: 0.049, 1.000 / Estimate: 0.003, 1.255 / LogL: -260652.235
Init pinv, alpha: 0.066, 1.000 / Estimate: 0.003, 1.255 / LogL: -260652.236
Init pinv, alpha: 0.082, 1.000 / Estimate: 0.003, 1.255 / LogL: -260652.237
Init pinv, alpha: 0.099, 1.000 / Estimate: 0.003, 1.255 / LogL: -260652.235
Init pinv, alpha: 0.115, 1.000 / Estimate: 0.003, 1.255 / LogL: -260652.238
Init pinv, alpha: 0.132, 1.000 / Estimate: 0.003, 1.255 / LogL: -260652.237
Init pinv, alpha: 0.148, 1.000 / Estimate: 0.003, 1.255 / LogL: -260652.240
Optimal pinv,alpha: 0.003, 1.255 / LogL: -260652.231

Parameters optimization took 183.378 sec
Computing ML distances based on estimated model parameters... 17.368 sec
WARNING: Some pairwise ML distances are too long (saturated)
Computing BIONJ tree...
0.069 seconds
Log-likelihood of BIONJ tree: -260647.229
--------------------------------------------------------------------
|             INITIALIZING CANDIDATE TREE SET                      |
--------------------------------------------------------------------
Generating 98 parsimony trees... 30.506 second
Computing log-likelihood of 98 initial trees ... 174.201 seconds
Current best score: -260647.229

Do NNI search on 20 best initial trees
Estimate model parameters (epsilon = 0.100)
BETTER TREE FOUND at iteration 1: -260327.107
Estimate model parameters (epsilon = 0.100)
BETTER TREE FOUND at iteration 4: -260325.495
Iteration 10 / LogL: -260328.819 / Time: 0h:10m:6s
Estimate model parameters (epsilon = 0.100)
BETTER TREE FOUND at iteration 12: -260316.128
Iteration 20 / LogL: -260426.862 / Time: 0h:13m:20s
Finish initializing candidate tree set (20)
Current best tree score: -260316.128 / CPU time: 588.603
Number of iterations: 20
--------------------------------------------------------------------
|               OPTIMIZING CANDIDATE TREE SET                      |
--------------------------------------------------------------------
Estimate model parameters (epsilon = 0.100)
BETTER TREE FOUND at iteration 27: -260304.182
Iteration 30 / LogL: -260316.261 / Time: 0h:17m:51s (0h:59m:43s left)
Iteration 40 / LogL: -260304.568 / Time: 0h:22m:21s (0h:49m:51s left)
Iteration 50 / LogL: -260415.104 / Time: 0h:26m:44s (0h:42m:1s left)
Log-likelihood cutoff on original alignment: -260412.450
Iteration 60 / LogL: -260307.967 / Time: 0h:31m:20s (0h:35m:35s left)
Estimate model parameters (epsilon = 0.100)
BETTER TREE FOUND at iteration 64: -260301.796
Iteration 70 / LogL: -260363.149 / Time: 0h:35m:42s (0h:48m:38s left)
Iteration 80 / LogL: -260647.006 / Time: 0h:39m:49s (0h:42m:20s left)
Iteration 90 / LogL: -260455.753 / Time: 0h:44m:16s (0h:36m:49s left)
Estimate model parameters (epsilon = 0.100)
BETTER TREE FOUND at iteration 98: -260300.414
Iteration 100 / LogL: -260300.820 / Time: 0h:48m:48s (0h:48m:18s left)
Log-likelihood cutoff on original alignment: -260411.751
NOTE: Bootstrap correlation coefficient of split occurrence frequencies: 0.996
Iteration 110 / LogL: -260305.978 / Time: 0h:53m:17s (0h:44m:0s left)
Iteration 120 / LogL: -260350.212 / Time: 0h:58m:0s (0h:38m:59s left)
Iteration 130 / LogL: -260327.115 / Time: 1h:2m:27s (0h:33m:53s left)
Iteration 140 / LogL: -260307.786 / Time: 1h:6m:46s (0h:28m:49s left)
Iteration 150 / LogL: -260310.008 / Time: 1h:11m:35s (0h:24m:1s left)
Log-likelihood cutoff on original alignment: -260395.459
Iteration 160 / LogL: -260368.136 / Time: 1h:16m:4s (0h:19m:8s left)
Iteration 170 / LogL: -260346.137 / Time: 1h:20m:43s (0h:14m:19s left)
Iteration 180 / LogL: -260303.835 / Time: 1h:24m:54s (0h:9m:29s left)
Iteration 190 / LogL: -260405.350 / Time: 1h:29m:24s (0h:4m:43s left)
TREE SEARCH COMPLETED AFTER 199 ITERATIONS / Time: 1h:33m:28s

--------------------------------------------------------------------
|                    FINALIZING TREE SEARCH                        |
--------------------------------------------------------------------
Performs final model parameters optimization
Estimate model parameters (epsilon = 0.010)
1. Initial log-likelihood: -260300.414
Optimal log-likelihood: -260300.409
Proportion of invariable sites: 0.003
Gamma shape alpha: 1.262
Parameters optimization took 1 rounds (3.660 sec)
BEST SCORE FOUND : -260300.409

Testing tree branches by SH-like aLRT with 1000 replicates...
Alternative NNI shows better log-likelihood -260299.659 > -260300.409
14.255 sec.
Creating bootstrap support values...
Split supports printed to NEXUS file Align.aln.splits.nex
Total tree length: 128.890

Total number of iterations: 199
CPU time used for tree search: 5379.552 sec (1h:29m:39s)
Wall-clock time used for tree search: 5396.336 sec (1h:29m:56s)
Total CPU time used: 5609.964 sec (1h:33m:29s)
Total wall-clock time used: 5627.382 sec (1h:33m:47s)

Computing bootstrap consensus tree...
Reading input file Align.aln.splits.nex...
215 taxa and 915 splits.
Consensus tree written to Align.aln.contree
Reading input trees file Align.aln.contree
Log-likelihood of consensus tree: -260301.817

Analysis results written to: 
  IQ-TREE report:                Align.aln.iqtree
  Maximum-likelihood tree:       Align.aln.treefile
  Likelihood distances:          Align.aln.mldist

Ultrafast bootstrap approximation results written to:
  Split support values:          Align.aln.splits.nex
  Consensus tree:                Align.aln.contree
  Screen log file:               Align.aln.log

Date and Time: Mon Dec  4 18:18:02 2023
